###############################################################################
#                                                                             #
# IAR C/C++ Compiler V8.10.3.10338/W32 for 8051         08/Nov/2015  15:41:47 #
# Copyright 2004-2011 IAR Systems AB.                                         #
#                                                                             #
#    Core               =  plain                                              #
#    Code model         =  banked                                             #
#    Data model         =  large                                              #
#    Calling convention =  xdata reentrant                                    #
#    Constant location  =  data_rom                                           #
#    Dptr setup         =  1,16                                               #
#    Source file        =  E:\work\zigbee\taobao\work\WIFI-ZigBeeπ‹¿ÌœµÕ≥\ZSt #
#                          ack-CC2530-2.3.0-1.4.0-÷’∂À3-rfid\Components\mac\h #
#                          igh_level\mac_cfg.c                                #
#    Command line       =  -f E:\work\zigbee\taobao\work\WIFI-ZigBeeπ‹¿ÌœµÕ≥\ #
#                          ZStack-CC2530-2.3.0-1.4.0-÷’∂À3-rfid\Projects\zsta #
#                          ck\Samples\SampleApp\CC2530DB\..\..\..\Tools\CC253 #
#                          0DB\f8wEndev.cfg (-DCPU32MHZ -DROOT=__near_func    #
#                          -DBLINK_LEDS) -f E:\work\zigbee\taobao\work\WIFI-Z #
#                          igBeeπ‹¿ÌœµÕ≥\ZStack-CC2530-2.3.0-1.4.0-÷’∂À3-rfid #
#                          \Projects\zstack\Samples\SampleApp\CC2530DB\..\..\ #
#                          ..\Tools\CC2530DB\f8wConfig.cfg (-DSECURE=0        #
#                          -DZG_SECURE_DYNAMIC=0 -DREFLECTOR                  #
#                          -DDEFAULT_CHANLIST=0x00000800                      #
#                          -DZDAPP_CONFIG_PAN_ID=0xFF00                       #
#                          -DNWK_START_DELAY=100 -DEXTENDED_JOINING_RANDOM_MA #
#                          SK=0x007F -DBEACON_REQUEST_DELAY=100               #
#                          -DBEACON_REQ_DELAY_MASK=0x00FF                     #
#                          -DROUTE_EXPIRY_TIME=30 -DAPSC_ACK_WAIT_DURATION_PO #
#                          LLED=3000 -DNWK_INDIRECT_MSG_TIMEOUT=7             #
#                          -DMAX_RREQ_ENTRIES=8 -DAPSC_MAX_FRAME_RETRIES=3    #
#                          -DNWK_MAX_DATA_RETRIES=2                           #
#                          -DMAX_POLL_FAILURE_RETRIES=2 -DMAX_BCAST=9         #
#                          -DAPS_MAX_GROUPS=16 -DMAX_RTG_ENTRIES=40           #
#                          -DNWK_MAX_BINDING_ENTRIES=4                        #
#                          -DMAX_BINDING_CLUSTER_IDS=4 "-DDEFAULT_KEY={0x01,  #
#                          0x03, 0x05, 0x07, 0x09, 0x0B, 0x0D, 0x0F, 0x00,    #
#                          0x02, 0x04, 0x06, 0x08, 0x0A, 0x0C, 0x0D}"         #
#                          -DMAC_MAX_FRAME_SIZE=116 "-DCONST=const __code"    #
#                          -DGENERIC=__generic -DRFD_RCVC_ALWAYS_ON=FALSE     #
#                          -DPOLL_RATE=1000 -DQUEUED_POLL_RATE=100            #
#                          -DRESPONSE_POLL_RATE=100) -DREJOIN_POLL_RATE=440   #
#                          E:\work\zigbee\taobao\work\WIFI-ZigBeeπ‹¿ÌœµÕ≥\ZSt #
#                          ack-CC2530-2.3.0-1.4.0-÷’∂À3-rfid\Components\mac\h #
#                          igh_level\mac_cfg.c -D ZIGBEEPRO -D NWK_AUTO_POLL  #
#                          -D ZTOOL_P1 -D xMT_TASK -D xMT_SYS_FUNC -D         #
#                          xMT_ZDO_FUNC -D LCD_SUPPORTED=DEBUG -lC            #
#                          E:\work\zigbee\taobao\work\WIFI-ZigBeeπ‹¿ÌœµÕ≥\ZSt #
#                          ack-CC2530-2.3.0-1.4.0-÷’∂À3-rfid\Projects\zstack\ #
#                          Samples\SampleApp\CC2530DB\EndDeviceEB-Pro\List\   #
#                          -lA E:\work\zigbee\taobao\work\WIFI-ZigBeeπ‹¿ÌœµÕ≥ #
#                          \ZStack-CC2530-2.3.0-1.4.0-÷’∂À3-rfid\Projects\zst #
#                          ack\Samples\SampleApp\CC2530DB\EndDeviceEB-Pro\Lis #
#                          t\ --diag_suppress Pe001,Pa010 -o                  #
#                          E:\work\zigbee\taobao\work\WIFI-ZigBeeπ‹¿ÌœµÕ≥\ZSt #
#                          ack-CC2530-2.3.0-1.4.0-÷’∂À3-rfid\Projects\zstack\ #
#                          Samples\SampleApp\CC2530DB\EndDeviceEB-Pro\Obj\    #
#                          -e --debug --core=plain --dptr=16,1                #
#                          --data_model=large --code_model=banked             #
#                          --calling_convention=xdata_reentrant               #
#                          --place_constants=data_rom --nr_virtual_regs 16    #
#                          -I E:\work\zigbee\taobao\work\WIFI-ZigBeeπ‹¿ÌœµÕ≥\ #
#                          ZStack-CC2530-2.3.0-1.4.0-÷’∂À3-rfid\Projects\zsta #
#                          ck\Samples\SampleApp\CC2530DB\ -I                  #
#                          E:\work\zigbee\taobao\work\WIFI-ZigBeeπ‹¿ÌœµÕ≥\ZSt #
#                          ack-CC2530-2.3.0-1.4.0-÷’∂À3-rfid\Projects\zstack\ #
#                          Samples\SampleApp\CC2530DB\..\SOURCE\ -I           #
#                          E:\work\zigbee\taobao\work\WIFI-ZigBeeπ‹¿ÌœµÕ≥\ZSt #
#                          ack-CC2530-2.3.0-1.4.0-÷’∂À3-rfid\Projects\zstack\ #
#                          Samples\SampleApp\CC2530DB\..\..\..\ZMAIN\TI2530DB #
#                          \ -I E:\work\zigbee\taobao\work\WIFI-ZigBeeπ‹¿ÌœµÕ #
#                          ≥\ZStack-CC2530-2.3.0-1.4.0-÷’∂À3-rfid\Projects\zs #
#                          tack\Samples\SampleApp\CC2530DB\..\..\..\..\..\COM #
#                          PONENTS\MT\ -I E:\work\zigbee\taobao\work\WIFI-Zig #
#                          Beeπ‹¿ÌœµÕ≥\ZStack-CC2530-2.3.0-1.4.0-÷’∂À3-rfid\P #
#                          rojects\zstack\Samples\SampleApp\CC2530DB\..\..\.. #
#                          \..\..\COMPONENTS\HAL\INCLUDE\ -I                  #
#                          E:\work\zigbee\taobao\work\WIFI-ZigBeeπ‹¿ÌœµÕ≥\ZSt #
#                          ack-CC2530-2.3.0-1.4.0-÷’∂À3-rfid\Projects\zstack\ #
#                          Samples\SampleApp\CC2530DB\..\..\..\..\..\COMPONEN #
#                          TS\HAL\TARGET\CC2530EB\ -I                         #
#                          E:\work\zigbee\taobao\work\WIFI-ZigBeeπ‹¿ÌœµÕ≥\ZSt #
#                          ack-CC2530-2.3.0-1.4.0-÷’∂À3-rfid\Projects\zstack\ #
#                          Samples\SampleApp\CC2530DB\..\..\..\..\..\COMPONEN #
#                          TS\OSAL\MCU\CCSOC\ -I E:\work\zigbee\taobao\work\W #
#                          IFI-ZigBeeπ‹¿ÌœµÕ≥\ZStack-CC2530-2.3.0-1.4.0-÷’∂À3 #
#                          -rfid\Projects\zstack\Samples\SampleApp\CC2530DB\. #
#                          .\..\..\..\..\COMPONENTS\OSAL\INCLUDE\ -I          #
#                          E:\work\zigbee\taobao\work\WIFI-ZigBeeπ‹¿ÌœµÕ≥\ZSt #
#                          ack-CC2530-2.3.0-1.4.0-÷’∂À3-rfid\Projects\zstack\ #
#                          Samples\SampleApp\CC2530DB\..\..\..\..\..\COMPONEN #
#                          TS\STACK\AF\ -I E:\work\zigbee\taobao\work\WIFI-Zi #
#                          gBeeπ‹¿ÌœµÕ≥\ZStack-CC2530-2.3.0-1.4.0-÷’∂À3-rfid\ #
#                          Projects\zstack\Samples\SampleApp\CC2530DB\..\..\. #
#                          .\..\..\COMPONENTS\STACK\NWK\ -I                   #
#                          E:\work\zigbee\taobao\work\WIFI-ZigBeeπ‹¿ÌœµÕ≥\ZSt #
#                          ack-CC2530-2.3.0-1.4.0-÷’∂À3-rfid\Projects\zstack\ #
#                          Samples\SampleApp\CC2530DB\..\..\..\..\..\COMPONEN #
#                          TS\STACK\SEC\ -I E:\work\zigbee\taobao\work\WIFI-Z #
#                          igBeeπ‹¿ÌœµÕ≥\ZStack-CC2530-2.3.0-1.4.0-÷’∂À3-rfid #
#                          \Projects\zstack\Samples\SampleApp\CC2530DB\..\..\ #
#                          ..\..\..\COMPONENTS\STACK\SAPI\ -I                 #
#                          E:\work\zigbee\taobao\work\WIFI-ZigBeeπ‹¿ÌœµÕ≥\ZSt #
#                          ack-CC2530-2.3.0-1.4.0-÷’∂À3-rfid\Projects\zstack\ #
#                          Samples\SampleApp\CC2530DB\..\..\..\..\..\COMPONEN #
#                          TS\STACK\SYS\ -I E:\work\zigbee\taobao\work\WIFI-Z #
#                          igBeeπ‹¿ÌœµÕ≥\ZStack-CC2530-2.3.0-1.4.0-÷’∂À3-rfid #
#                          \Projects\zstack\Samples\SampleApp\CC2530DB\..\..\ #
#                          ..\..\..\COMPONENTS\STACK\ZDO\ -I                  #
#                          E:\work\zigbee\taobao\work\WIFI-ZigBeeπ‹¿ÌœµÕ≥\ZSt #
#                          ack-CC2530-2.3.0-1.4.0-÷’∂À3-rfid\Projects\zstack\ #
#                          Samples\SampleApp\CC2530DB\..\..\..\..\..\COMPONEN #
#                          TS\ZMAC\F8W\ -I E:\work\zigbee\taobao\work\WIFI-Zi #
#                          gBeeπ‹¿ÌœµÕ≥\ZStack-CC2530-2.3.0-1.4.0-÷’∂À3-rfid\ #
#                          Projects\zstack\Samples\SampleApp\CC2530DB\..\..\. #
#                          .\..\..\COMPONENTS\ZMAC\ -I                        #
#                          E:\work\zigbee\taobao\work\WIFI-ZigBeeπ‹¿ÌœµÕ≥\ZSt #
#                          ack-CC2530-2.3.0-1.4.0-÷’∂À3-rfid\Projects\zstack\ #
#                          Samples\SampleApp\CC2530DB\..\..\..\..\..\COMPONEN #
#                          TS\SERVICES\SADDR\ -I E:\work\zigbee\taobao\work\W #
#                          IFI-ZigBeeπ‹¿ÌœµÕ≥\ZStack-CC2530-2.3.0-1.4.0-÷’∂À3 #
#                          -rfid\Projects\zstack\Samples\SampleApp\CC2530DB\. #
#                          .\..\..\..\..\COMPONENTS\SERVICES\SDATA\ -I        #
#                          E:\work\zigbee\taobao\work\WIFI-ZigBeeπ‹¿ÌœµÕ≥\ZSt #
#                          ack-CC2530-2.3.0-1.4.0-÷’∂À3-rfid\Projects\zstack\ #
#                          Samples\SampleApp\CC2530DB\..\..\..\..\..\COMPONEN #
#                          TS\MAC\INCLUDE\ -I E:\work\zigbee\taobao\work\WIFI #
#                          -ZigBeeπ‹¿ÌœµÕ≥\ZStack-CC2530-2.3.0-1.4.0-÷’∂À3-rf #
#                          id\Projects\zstack\Samples\SampleApp\CC2530DB\..\. #
#                          .\..\..\..\COMPONENTS\MAC\HIGH_LEVEL\ -I           #
#                          E:\work\zigbee\taobao\work\WIFI-ZigBeeπ‹¿ÌœµÕ≥\ZSt #
#                          ack-CC2530-2.3.0-1.4.0-÷’∂À3-rfid\Projects\zstack\ #
#                          Samples\SampleApp\CC2530DB\..\..\..\..\..\COMPONEN #
#                          TS\MAC\LOW_LEVEL\srf04\ -I                         #
#                          E:\work\zigbee\taobao\work\WIFI-ZigBeeπ‹¿ÌœµÕ≥\ZSt #
#                          ack-CC2530-2.3.0-1.4.0-÷’∂À3-rfid\Projects\zstack\ #
#                          Samples\SampleApp\CC2530DB\..\..\..\..\..\COMPONEN #
#                          TS\MAC\LOW_LEVEL\srf04\SINGLE_CHIP\ -Ohz           #
#    List file          =  E:\work\zigbee\taobao\work\WIFI-ZigBeeπ‹¿ÌœµÕ≥\ZSt #
#                          ack-CC2530-2.3.0-1.4.0-÷’∂À3-rfid\Projects\zstack\ #
#                          Samples\SampleApp\CC2530DB\EndDeviceEB-Pro\List\ma #
#                          c_cfg.lst                                          #
#    Object file        =  E:\work\zigbee\taobao\work\WIFI-ZigBeeπ‹¿ÌœµÕ≥\ZSt #
#                          ack-CC2530-2.3.0-1.4.0-÷’∂À3-rfid\Projects\zstack\ #
#                          Samples\SampleApp\CC2530DB\EndDeviceEB-Pro\Obj\mac #
#                          _cfg.r51                                           #
#                                                                             #
#                                                                             #
###############################################################################

E:\work\zigbee\taobao\work\WIFI-ZigBeeπ‹¿ÌœµÕ≥\ZStack-CC2530-2.3.0-1.4.0-÷’∂À3-rfid\Components\mac\high_level\mac_cfg.c
      1          /**************************************************************************************************
      2            Filename:       mac_cfg.c
      3            Revised:        $Date: 2007-10-29 22:37:25 -0700 (Mon, 29 Oct 2007) $
      4            Revision:       $Revision: 15811 $
      5          
      6            Description:    Compile-time parameters which are configurable by the user.
      7          
      8          
      9            Copyright 2005-2007 Texas Instruments Incorporated. All rights reserved.
     10          
     11            IMPORTANT: Your use of this Software is limited to those specific rights
     12            granted under the terms of a software license agreement between the user
     13            who downloaded the software, his/her employer (which must be your employer)
     14            and Texas Instruments Incorporated (the "License").  You may not use this
     15            Software unless you agree to abide by the terms of the License. The License
     16            limits your use, and you acknowledge, that the Software may not be modified,
     17            copied or distributed unless embedded on a Texas Instruments microcontroller
     18            or used solely and exclusively in conjunction with a Texas Instruments radio
     19            frequency transceiver, which is integrated into your product.  Other than for
     20            the foregoing purpose, you may not use, reproduce, copy, prepare derivative
     21            works of, modify, distribute, perform, display or sell this Software and/or
     22            its documentation for any purpose.
     23          
     24            YOU FURTHER ACKNOWLEDGE AND AGREE THAT THE SOFTWARE AND DOCUMENTATION ARE
     25            PROVIDED ìAS ISî WITHOUT WARRANTY OF ANY KIND, EITHER EXPRESS OR IMPLIED, 
     26            INCLUDING WITHOUT LIMITATION, ANY WARRANTY OF MERCHANTABILITY, TITLE, 
     27            NON-INFRINGEMENT AND FITNESS FOR A PARTICULAR PURPOSE. IN NO EVENT SHALL
     28            TEXAS INSTRUMENTS OR ITS LICENSORS BE LIABLE OR OBLIGATED UNDER CONTRACT,
     29            NEGLIGENCE, STRICT LIABILITY, CONTRIBUTION, BREACH OF WARRANTY, OR OTHER
     30            LEGAL EQUITABLE THEORY ANY DIRECT OR INDIRECT DAMAGES OR EXPENSES
     31            INCLUDING BUT NOT LIMITED TO ANY INCIDENTAL, SPECIAL, INDIRECT, PUNITIVE
     32            OR CONSEQUENTIAL DAMAGES, LOST PROFITS OR LOST DATA, COST OF PROCUREMENT
     33            OF SUBSTITUTE GOODS, TECHNOLOGY, SERVICES, OR ANY CLAIMS BY THIRD PARTIES
     34            (INCLUDING BUT NOT LIMITED TO ANY DEFENSE THEREOF), OR OTHER SIMILAR COSTS.
     35          
     36            Should you have any questions regarding your right to use this Software,
     37            contact Texas Instruments Incorporated at www.TI.com. 
     38          **************************************************************************************************/
     39          
     40          /* ------------------------------------------------------------------------------------------------
     41           *                                          Includes
     42           * ------------------------------------------------------------------------------------------------
     43           */
     44          #include "mac_api.h"
     45          
     46          /* ------------------------------------------------------------------------------------------------
     47           *                                           Constants
     48           * ------------------------------------------------------------------------------------------------
     49           */
     50          
     51          /* maximum number of data frames in transmit queue */
     52          #ifndef MAC_CFG_TX_DATA_MAX
     53          #define MAC_CFG_TX_DATA_MAX         2
     54          #endif
     55          
     56          /* maximum number of frames of all types in transmit queue */
     57          #ifndef MAC_CFG_TX_MAX
     58          #define MAC_CFG_TX_MAX              5
     59          #endif
     60          
     61          /* maximum number of frames in receive queue */
     62          #ifndef MAC_CFG_RX_MAX
     63          #define MAC_CFG_RX_MAX              2
     64          #endif
     65          
     66          /* allocate additional bytes in the data indication for application-defined headers */
     67          #ifndef MAC_CFG_DATA_IND_OFFSET
     68          #define MAC_CFG_DATA_IND_OFFSET     0
     69          #endif
     70          
     71          /* determine whether MAC_MLME_POLL_IND will be sent to the application */
     72          #ifndef MAC_CFG_APP_PENDING_QUEUE
     73          #define MAC_CFG_APP_PENDING_QUEUE   FALSE
     74          #endif
     75          
     76          /* ------------------------------------------------------------------------------------------------
     77           *                                           Global Variables
     78           * ------------------------------------------------------------------------------------------------
     79           */
     80          
     81          /* configurable parameters */

   \                                 In  segment XDATA_ROM_C, align 1
     82          const macCfg_t macCfg =
   \                     macCfg:
   \   000000   02           DB 2
   \   000001   05           DB 5
   \   000002   02           DB 2
   \   000003   00           DB 0
   \   000004   00           DB 0
     83          {
     84            MAC_CFG_TX_DATA_MAX,
     85            MAC_CFG_TX_MAX,
     86            MAC_CFG_RX_MAX,
     87            MAC_CFG_DATA_IND_OFFSET,
     88            MAC_CFG_APP_PENDING_QUEUE
     89          };


   Segment part sizes:

     Function/Label Bytes
     -------------- -----
     macCfg            5

 
 5 bytes in segment XDATA_ROM_C
 
 5 bytes of CONST memory

Errors: none
Warnings: none
